C:\USERS\CSPCLAB\DESKTOP\MFC_GRAPHIC_TOOLKIT\DEBUG\MFC_MAIN.BSC
C:\USERS\CSPCLAB\DESKTOP\MFC_GRAPHIC_TOOLKIT\DEBUG\MFC_MAIN.PCH
C:\USERS\CSPCLAB\DESKTOP\MFC_GRAPHIC_TOOLKIT\DEBUG\STDAFX.SBR
C:\USERS\CSPCLAB\DESKTOP\MFC_GRAPHIC_TOOLKIT\DEBUG\STDAFX.OBJ
C:\USERS\CSPCLAB\DESKTOP\MFC_GRAPHIC_TOOLKIT\DEBUG\VC110.PDB
C:\USERS\CSPCLAB\DESKTOP\MFC_GRAPHIC_TOOLKIT\DEBUG\EXAMPLE.SBR
C:\USERS\CSPCLAB\DESKTOP\MFC_GRAPHIC_TOOLKIT\DEBUG\STRINGTOKENIZER.SBR
C:\USERS\CSPCLAB\DESKTOP\MFC_GRAPHIC_TOOLKIT\DEBUG\MATH.SBR
C:\USERS\CSPCLAB\DESKTOP\MFC_GRAPHIC_TOOLKIT\DEBUG\USERCODE.SBR
C:\USERS\CSPCLAB\DESKTOP\MFC_GRAPHIC_TOOLKIT\DEBUG\ZOOM.SBR
C:\USERS\CSPCLAB\DESKTOP\MFC_GRAPHIC_TOOLKIT\DEBUG\SCROLL.SBR
C:\USERS\CSPCLAB\DESKTOP\MFC_GRAPHIC_TOOLKIT\DEBUG\RUBBERBAND.SBR
C:\USERS\CSPCLAB\DESKTOP\MFC_GRAPHIC_TOOLKIT\DEBUG\MSGVIEW.SBR
C:\USERS\CSPCLAB\DESKTOP\MFC_GRAPHIC_TOOLKIT\DEBUG\DRAWFUNC.SBR
C:\USERS\CSPCLAB\DESKTOP\MFC_GRAPHIC_TOOLKIT\DEBUG\CLIPPING.SBR
C:\USERS\CSPCLAB\DESKTOP\MFC_GRAPHIC_TOOLKIT\DEBUG\MFC_MAINVIEW.SBR
C:\USERS\CSPCLAB\DESKTOP\MFC_GRAPHIC_TOOLKIT\DEBUG\MFC_MAINDOC.SBR
C:\USERS\CSPCLAB\DESKTOP\MFC_GRAPHIC_TOOLKIT\DEBUG\MFC_MAIN.SBR
C:\USERS\CSPCLAB\DESKTOP\MFC_GRAPHIC_TOOLKIT\DEBUG\MAINFRM.SBR
C:\USERS\CSPCLAB\DESKTOP\MFC_GRAPHIC_TOOLKIT\DEBUG\EXTERNVIEW.SBR
C:\USERS\CSPCLAB\DESKTOP\MFC_GRAPHIC_TOOLKIT\DEBUG\EXTERNDOC.SBR
C:\USERS\CSPCLAB\DESKTOP\MFC_GRAPHIC_TOOLKIT\DEBUG\EXTERNDOC.OBJ
C:\USERS\CSPCLAB\DESKTOP\MFC_GRAPHIC_TOOLKIT\DEBUG\EXTERNVIEW.OBJ
C:\USERS\CSPCLAB\DESKTOP\MFC_GRAPHIC_TOOLKIT\DEBUG\MAINFRM.OBJ
C:\USERS\CSPCLAB\DESKTOP\MFC_GRAPHIC_TOOLKIT\DEBUG\MFC_MAIN.OBJ
C:\USERS\CSPCLAB\DESKTOP\MFC_GRAPHIC_TOOLKIT\DEBUG\MFC_MAINDOC.OBJ
C:\USERS\CSPCLAB\DESKTOP\MFC_GRAPHIC_TOOLKIT\DEBUG\MFC_MAINVIEW.OBJ
C:\USERS\CSPCLAB\DESKTOP\MFC_GRAPHIC_TOOLKIT\DEBUG\CLIPPING.OBJ
C:\USERS\CSPCLAB\DESKTOP\MFC_GRAPHIC_TOOLKIT\DEBUG\DRAWFUNC.OBJ
C:\USERS\CSPCLAB\DESKTOP\MFC_GRAPHIC_TOOLKIT\DEBUG\MSGVIEW.OBJ
C:\USERS\CSPCLAB\DESKTOP\MFC_GRAPHIC_TOOLKIT\DEBUG\RUBBERBAND.OBJ
C:\USERS\CSPCLAB\DESKTOP\MFC_GRAPHIC_TOOLKIT\DEBUG\SCROLL.OBJ
C:\USERS\CSPCLAB\DESKTOP\MFC_GRAPHIC_TOOLKIT\DEBUG\ZOOM.OBJ
C:\USERS\CSPCLAB\DESKTOP\MFC_GRAPHIC_TOOLKIT\DEBUG\USERCODE.OBJ
C:\USERS\CSPCLAB\DESKTOP\MFC_GRAPHIC_TOOLKIT\DEBUG\MATH.OBJ
C:\USERS\CSPCLAB\DESKTOP\MFC_GRAPHIC_TOOLKIT\DEBUG\STRINGTOKENIZER.OBJ
C:\USERS\CSPCLAB\DESKTOP\MFC_GRAPHIC_TOOLKIT\DEBUG\EXAMPLE.OBJ
C:\USERS\CSPCLAB\DESKTOP\MFC_GRAPHIC_TOOLKIT\DEBUG\MFC_MAIN.ILK
C:\USERS\CSPCLAB\DESKTOP\MFC_GRAPHIC_TOOLKIT\DEBUG\MFC_MAIN.EXE
C:\USERS\CSPCLAB\DESKTOP\MFC_GRAPHIC_TOOLKIT\DEBUG\MFC_MAIN.PDB
C:\USERS\CSPCLAB\DESKTOP\MFC_GRAPHIC_TOOLKIT\DEBUG\MFC_MAIN.RES
C:\Users\cspclab\Desktop\MFC_Graphic_Toolkit\Debug\Clipping.obj
C:\Users\cspclab\Desktop\MFC_Graphic_Toolkit\Debug\DrawFunc.obj
C:\Users\cspclab\Desktop\MFC_Graphic_Toolkit\Debug\Example.obj
C:\Users\cspclab\Desktop\MFC_Graphic_Toolkit\Debug\ExternDoc.obj
C:\Users\cspclab\Desktop\MFC_Graphic_Toolkit\Debug\ExternView.obj
C:\Users\cspclab\Desktop\MFC_Graphic_Toolkit\Debug\MainFrm.obj
C:\Users\cspclab\Desktop\MFC_Graphic_Toolkit\Debug\Math.obj
C:\Users\cspclab\Desktop\MFC_Graphic_Toolkit\Debug\MFC_Main.obj
C:\Users\cspclab\Desktop\MFC_Graphic_Toolkit\Debug\MFC_MainDoc.obj
C:\Users\cspclab\Desktop\MFC_Graphic_Toolkit\Debug\MFC_MainView.obj
C:\Users\cspclab\Desktop\MFC_Graphic_Toolkit\Debug\MsgView.obj
C:\Users\cspclab\Desktop\MFC_Graphic_Toolkit\Debug\RubberBand.obj
C:\Users\cspclab\Desktop\MFC_Graphic_Toolkit\Debug\Scroll.obj
C:\Users\cspclab\Desktop\MFC_Graphic_Toolkit\Debug\StdAfx.obj
C:\Users\cspclab\Desktop\MFC_Graphic_Toolkit\Debug\StringTokenizer.obj
C:\Users\cspclab\Desktop\MFC_Graphic_Toolkit\Debug\usercode.obj
C:\Users\cspclab\Desktop\MFC_Graphic_Toolkit\Debug\Zoom.obj
C:\Users\cspclab\Desktop\MFC_Graphic_Toolkit\Debug\MFC_Main.ilk
C:\Users\cspclab\Desktop\MFC_Graphic_Toolkit\Debug\BscMake.command.1.tlog
C:\Users\cspclab\Desktop\MFC_Graphic_Toolkit\Debug\bscmake.read.1.tlog
C:\Users\cspclab\Desktop\MFC_Graphic_Toolkit\Debug\bscmake.write.1.tlog
C:\Users\cspclab\Desktop\MFC_Graphic_Toolkit\Debug\cl.command.1.tlog
C:\Users\cspclab\Desktop\MFC_Graphic_Toolkit\Debug\CL.read.1.tlog
C:\Users\cspclab\Desktop\MFC_Graphic_Toolkit\Debug\CL.write.1.tlog
C:\Users\cspclab\Desktop\MFC_Graphic_Toolkit\Debug\link-cvtres.read.1.tlog
C:\Users\cspclab\Desktop\MFC_Graphic_Toolkit\Debug\link-cvtres.write.1.tlog
C:\Users\cspclab\Desktop\MFC_Graphic_Toolkit\Debug\link-mt.read.1.tlog
C:\Users\cspclab\Desktop\MFC_Graphic_Toolkit\Debug\link-mt.write.1.tlog
C:\Users\cspclab\Desktop\MFC_Graphic_Toolkit\Debug\link-rc.read.1.tlog
C:\Users\cspclab\Desktop\MFC_Graphic_Toolkit\Debug\link-rc.write.1.tlog
C:\Users\cspclab\Desktop\MFC_Graphic_Toolkit\Debug\link.command.1.tlog
C:\Users\cspclab\Desktop\MFC_Graphic_Toolkit\Debug\link.read.1.tlog
C:\Users\cspclab\Desktop\MFC_Graphic_Toolkit\Debug\link.write.1.tlog
C:\Users\cspclab\Desktop\MFC_Graphic_Toolkit\Debug\rc.command.1.tlog
C:\Users\cspclab\Desktop\MFC_Graphic_Toolkit\Debug\rc.read.1.tlog
C:\Users\cspclab\Desktop\MFC_Graphic_Toolkit\Debug\rc.write.1.tlog
C:\Users\cspclab\Desktop\MFC_Graphic_Toolkit\Debug\MFC_Main.res
C:\Users\cspclab\Desktop\MFC_Graphic_Toolkit\Debug\MFC_Main.pch
C:\Users\cspclab\Desktop\MFC_Graphic_Toolkit\Debug\vc110.idb
C:\Users\cspclab\Desktop\MFC_Graphic_Toolkit\Debug\MFC_Main.pdb
C:\Users\cspclab\Desktop\MFC_Graphic_Toolkit\Debug\vc110.pdb
C:\Users\cspclab\Desktop\MFC_Graphic_Toolkit\Debug\MFC_Main.bsc
C:\Users\cspclab\Desktop\MFC_Graphic_Toolkit\Debug\Clipping.sbr
C:\Users\cspclab\Desktop\MFC_Graphic_Toolkit\Debug\DrawFunc.sbr
C:\Users\cspclab\Desktop\MFC_Graphic_Toolkit\Debug\Example.sbr
C:\Users\cspclab\Desktop\MFC_Graphic_Toolkit\Debug\ExternDoc.sbr
C:\Users\cspclab\Desktop\MFC_Graphic_Toolkit\Debug\ExternView.sbr
C:\Users\cspclab\Desktop\MFC_Graphic_Toolkit\Debug\MainFrm.sbr
C:\Users\cspclab\Desktop\MFC_Graphic_Toolkit\Debug\Math.sbr
C:\Users\cspclab\Desktop\MFC_Graphic_Toolkit\Debug\MFC_Main.sbr
C:\Users\cspclab\Desktop\MFC_Graphic_Toolkit\Debug\MFC_MainDoc.sbr
C:\Users\cspclab\Desktop\MFC_Graphic_Toolkit\Debug\MFC_MainView.sbr
C:\Users\cspclab\Desktop\MFC_Graphic_Toolkit\Debug\MsgView.sbr
C:\Users\cspclab\Desktop\MFC_Graphic_Toolkit\Debug\RubberBand.sbr
C:\Users\cspclab\Desktop\MFC_Graphic_Toolkit\Debug\Scroll.sbr
C:\Users\cspclab\Desktop\MFC_Graphic_Toolkit\Debug\StdAfx.sbr
C:\Users\cspclab\Desktop\MFC_Graphic_Toolkit\Debug\StringTokenizer.sbr
C:\Users\cspclab\Desktop\MFC_Graphic_Toolkit\Debug\usercode.sbr
C:\Users\cspclab\Desktop\MFC_Graphic_Toolkit\Debug\Zoom.sbr
C:\Users\cspclab\Desktop\MFC_Graphic_Toolkit\.\Debug\MFC_Main.exe
